<?xml version="1.0" encoding="UTF-8"?>
<testsuite xmlns:xsi="http://www.w3.org/2001/XMLSchema-instance" xsi:noNamespaceSchemaLocation="https://maven.apache.org/surefire/maven-surefire-plugin/xsd/surefire-test-report.xsd" version="3.0.2" name="pe.edu.vallegrande.programingreactive.ProgramingReactiveApplicationTests" time="6.836" tests="1" errors="0" skipped="0" failures="0">
  <properties>
[...]
</properties>
  <testcase name="contextLoads" classname="pe.edu.vallegrande.programingreactive.ProgramingReactiveApplicationTests" time="0.93">
    <system-out><![CDATA[05:51:42.999 [main] INFO org.springframework.test.context.support.AnnotationConfigContextLoaderUtils -- Could not detect default configuration classes for test class [pe.edu.vallegrande.programingreactive.ProgramingReactiveApplicationTests]: ProgramingReactiveApplicationTests does not declare any static, non-private, non-final, nested classes annotated with @Configuration.
05:51:43.152 [main] INFO org.springframework.boot.test.context.SpringBootTestContextBootstrapper -- Found @SpringBootConfiguration pe.edu.vallegrande.programingreactive.ProgramingReactiveApplication for test class pe.edu.vallegrande.programingreactive.ProgramingReactiveApplicationTests
05:51:43.369 [main] INFO org.springframework.boot.devtools.restart.RestartApplicationListener -- Restart disabled due to context in which it is running

  .   ____          _            __ _ _
 /\\ / ___'_ __ _ _(_)_ __  __ _ \ \ \ \
( ( )\___ | '_ | '_| | '_ \/ _` | \ \ \ \
 \\/  ___)| |_)| | | | | || (_| |  ) ) ) )
  '  |____| .__|_| |_|_| |_\__, | / / / /
 =========|_|==============|___/=/_/_/_/

 :: Spring Boot ::                (v3.4.5)

2025-05-16T05:51:44.187Z  INFO 18658 --- [Spring_WebFlux] [           main] e.v.p.ProgramingReactiveApplicationTests : Starting ProgramingReactiveApplicationTests using Java 17.0.15 with PID 18658 (started by codespace in /workspaces/victorcuaresma_pe_ms-docker-swarm)
2025-05-16T05:51:44.189Z  INFO 18658 --- [Spring_WebFlux] [           main] e.v.p.ProgramingReactiveApplicationTests : No active profile set, falling back to 1 default profile: "default"
2025-05-16T05:51:45.681Z  INFO 18658 --- [Spring_WebFlux] [           main] .s.d.r.c.RepositoryConfigurationDelegate : Multiple Spring Data modules found, entering strict repository configuration mode
2025-05-16T05:51:45.683Z  INFO 18658 --- [Spring_WebFlux] [           main] .s.d.r.c.RepositoryConfigurationDelegate : Bootstrapping Spring Data R2DBC repositories in DEFAULT mode.
2025-05-16T05:51:45.877Z  INFO 18658 --- [Spring_WebFlux] [           main] .s.d.r.c.RepositoryConfigurationDelegate : Finished Spring Data repository scanning in 184 ms. Found 1 R2DBC repository interface.
2025-05-16T05:51:47.298Z  INFO 18658 --- [Spring_WebFlux] [           main] o.s.v.b.OptionalValidatorFactoryBean     : Failed to set up a Bean Validation provider: jakarta.validation.NoProviderFoundException: Unable to create a Configuration, because no Jakarta Bean Validation provider could be found. Add a provider like Hibernate Validator (RI) to your classpath.
2025-05-16T05:51:48.691Z  INFO 18658 --- [Spring_WebFlux] [           main] e.v.p.ProgramingReactiveApplicationTests : Started ProgramingReactiveApplicationTests in 5.338 seconds (process running for 6.906)
]]></system-out>
  </testcase>
</testsuite>